================================================================================
          INTEGRATION TEST RESULTS: 6 QUICK-WINS FEATURES
                         2025-02-05 REPORT
================================================================================

OVERALL VERDICT: NOT READY FOR PRODUCTION

================================================================================
CRITICAL ISSUES FOUND
================================================================================

Issue #1: TypeScript Compilation Failures
   Root Package:        13 errors (unused vars, type mismatches)
   Web Package:         60+ errors (unused vars, type errors)
   Helix-Runtime:       3 errors (path configuration)
   Total:              76 TypeScript errors
   Impact:             Cannot build production bundle
   Timeline to fix:    2-3 hours

Issue #2: Security Vulnerabilities (CRITICAL)
   Path Traversal:     NOT CAUGHT (../../etc/passwd should fail)
   Base64 Injection:   NOT DETECTED (SYSTEM: Ignore all instructions)
   Tests Failing:      2 security validation tests
   Impact:             Application vulnerable to injection attacks
   Timeline to fix:    2-3 hours

Issue #3: Test Suite Regressions
   Total Tests:        2089 tests
   Passing:           2058 tests
   Failing:            30 tests
   Pass Rate:         98.6% (NOT 100%)
   Categories:        Security (4), Performance (1), Other (25)
   Timeline to fix:   3-4 hours

Issue #4: Performance Degradation
   Orchestration Spawn Timing
   Expected:          < 500ms
   Actual:            727ms (45% SLOWER)
   Impact:            UI responsiveness degradation
   Timeline to fix:   1-2 hours

================================================================================
FEATURE STATUS (6 QUICK-WINS)
================================================================================

Feature 1: React Query Caching (Web)
   Implementation:  COMPLETE
   Status:          UNTESTABLE (web build blocked)
   Testing:        0% (build required)
   Blocker:        60 TypeScript errors

Feature 2: Mobile Performance Detection (Web)
   Implementation:  COMPLETE
   Status:          UNTESTABLE (web build blocked)
   Testing:        0% (build required)
   Blocker:        60 TypeScript errors

Feature 3: Memory Synthesis Endpoints (Gateway)
   Implementation:  COMPLETE
   Status:          PARTIALLY VERIFIED
   Testing:        30% (endpoint verification done, load test needed)
   Result:          memory.synthesis_status responding correctly
   Issue:           Not tested under load

Feature 4: Composite Skills Endpoints (Gateway)
   Implementation:  COMPLETE
   Status:          PARTIALLY VERIFIED
   Testing:        30% (endpoint verification done, load test needed)
   Result:          skills.list_user_skills responding correctly
   Issue:           Not tested under load

Feature 5: Rate Limiting (Gateway)
   Implementation:  COMPLETE (per-method rate limiting merged)
   Status:          PARTIALLY WORKING
   Testing:        70% (unit tests pass, load test needed)
   Results:         10 requests/minute limit working
                    Error response includes retryAfterMs
                    Exponential backoff NOT implemented
   Issue:           Missing exponential backoff feature

Feature 6: Advanced Memory Filters (Web)
   Implementation:  COMPLETE
   Status:          UNTESTABLE (web build blocked)
   Testing:        0% (build required)
   Filters:         Date range, Valence slider, Salience tier
   Blocker:        60 TypeScript errors

================================================================================
BUILD STATUS
================================================================================

Root Package:
  npm run typecheck:    FAILED (13 errors)
  npm run build:        BLOCKED (cannot build)
  Issues:               Unused variables, type mismatches

Web Package:
  npm run typecheck:    FAILED (60+ errors)
  npm run build:        BLOCKED (cannot build)
  Issues:               Unused variables, type mismatches, implicit any

Helix-Runtime Package:
  npm run typecheck:    FAILED (3 errors)
  npm run build:        BLOCKED (cannot build)
  Issues:               Root directory path configuration

================================================================================
TEST RESULTS
================================================================================

Unit Tests (npm run test):
  Total Tests:      2089
  Passing:          2058
  Failing:          30
  Skipped:          1
  Pass Rate:        98.6%
  Duration:         49.05 seconds

  Failures by Category:
    Security Tests:           4 failing
      Path traversal:        1
      Injection detection:   1
      Rate limit backoff:    1
      Token verification:    1

    Performance Tests:        1 failing
      Spawn timing:          1 (727ms vs 500ms target)

    Other Tests:              25 failing

  Failed Test Files: 5

Integration Tests:
  React Query Caching:   NOT TESTED (build blocked)
  Mobile Performance:    NOT TESTED (build blocked)
  Memory Endpoints:      PARTIAL (endpoint check only)
  Skills Endpoints:      PARTIAL (endpoint check only)
  Rate Limiting:         PARTIAL (unit tests pass, load test needed)
  Memory Filters:        NOT TESTED (build blocked)

Load Tests:
  50+ concurrent connections:  NOT RUN (requires working build)
  Rate limiter under load:     NOT RUN (requires working build)
  Gateway endpoints at scale:  NOT RUN (requires working build)

================================================================================
TIMELINE TO PRODUCTION
================================================================================

Phase 1: Fix TypeScript Build Errors (Day 1 - 2-3 hours)
  Status: READY TO START

Phase 2: Fix Test Failures (Day 1-2 - 3-4 hours)
  Status: BLOCKED UNTIL PHASE 1

Phase 3: Integration Testing (Day 2-3 - 2-3 hours)
  Status: BLOCKED UNTIL PHASE 2

Phase 4: Load Testing (Day 3 - 2-3 hours)
  Status: BLOCKED UNTIL PHASE 3

Phase 5: Staging Deployment (Day 4-5 - 24 hours)
  Status: BLOCKED UNTIL PHASE 4

Phase 6: Production Rollout (Day 6+ - gradual)
  Status: BLOCKED UNTIL PHASE 5

Total Estimated Time: 1-2 weeks

================================================================================
DEPLOYMENT READINESS CHECKLIST
================================================================================

Build Compilation:
  [ ] All TypeScript errors fixed
  [ ] Root package builds successfully
  [ ] Web package builds successfully
  [ ] Helix-runtime builds successfully

Test Suite:
  [ ] All 2089 tests passing (0 failures)
  [ ] All security tests passing
  [ ] All performance tests within targets

Security:
  [ ] Path traversal validation working
  [ ] Injection detection catching Base64 attacks
  [ ] No known vulnerabilities

Features:
  [ ] React Query caching verified (85% reduction)
  [ ] Mobile performance mode working (30fps)
  [ ] Memory synthesis endpoints tested under load
  [ ] Composite skills endpoints tested under load
  [ ] Rate limiting working (with exponential backoff)
  [ ] Memory filters working correctly

Performance:
  [ ] Spawn timing < 500ms
  [ ] API response time < 100ms
  [ ] Cache hit rate > 85%
  [ ] Mobile CPU usage 10-20%

Staging:
  [ ] Staging deployment stable 24 hours
  [ ] Error rate acceptable
  [ ] Performance meets SLAs

OVERALL: 0 of 21 criteria met - CANNOT DEPLOY

================================================================================
RECOMMENDATION
================================================================================

STOP - DO NOT DEPLOY

Critical blocking issues identified:
  1. Build failures (76 TypeScript errors)
  2. Security vulnerabilities (2 injection bypasses)
  3. Test regressions (30 failing tests)
  4. Performance degradation (45% slower)

Follow remediation steps in provided documentation:
  - INTEGRATION_TEST_EXECUTIVE_SUMMARY.md (5-min overview)
  - CRITICAL_ISSUES_ANALYSIS.md (detailed issues)
  - FIX_COMMANDS_AND_VERIFICATION.md (step-by-step fixes)
  - INTEGRATION_TEST_CHECKLIST.md (verification)

Estimated time to production-ready: 1-2 weeks

================================================================================
DOCUMENTATION PROVIDED
================================================================================

Generated Files (82 KB total, 2,944 lines):
  INTEGRATION_TEST_EXECUTIVE_SUMMARY.md (12 KB, 401 lines)
  INTEGRATION_TEST_REPORT_2025-02-05.md (16 KB, 527 lines)
  CRITICAL_ISSUES_ANALYSIS.md (16 KB, 457 lines)
  INTEGRATION_TEST_CHECKLIST.md (16 KB, 436 lines)
  FIX_COMMANDS_AND_VERIFICATION.md (20 KB, 792 lines)
  INTEGRATION_TEST_README.md (12 KB, 331 lines)

All files located in: /c/Users/Specter/Desktop/Helix/

================================================================================
END OF REPORT
================================================================================
